<?xml version="1.0" encoding="UTF-8"?>
<!-- Generated by org.testng.reporters.JUnitReportReporter -->
<testsuite hostname="DESKTOP-35NB1NJ" failures="0" tests="1" name="testpackage.test2" time="0.001" errors="0" timestamp="2023-09-17T15:27:20 IST" skipped="0">
  <testcase classname="testpackage.test2" name="run2" time="0.001"/>
</testsuite> <!-- testpackage.test2 -->
