<?xml version="1.0" encoding="UTF-8"?>
<!-- Generated by org.testng.reporters.JUnitReportReporter -->
<testsuite hostname="DESKTOP-35NB1NJ" failures="0" tests="3" name="testpackage.test1" time="0.015" errors="0" timestamp="2023-09-17T15:27:20 IST" skipped="0">
  <testcase classname="testpackage.test1" name="logincarloan" time="0.009"/>
  <testcase classname="testpackage.test1" name="run1" time="0.003"/>
  <testcase classname="testpackage.test1" name="run" time="0.003"/>
</testsuite> <!-- testpackage.test1 -->
