<?xml version="1.0" encoding="UTF-8"?>
<!-- Generated by org.testng.reporters.JUnitReportReporter -->
<testsuite hostname="DESKTOP-35NB1NJ" failures="0" tests="1" name="testpackage.test4" time="0.002" errors="0" timestamp="2023-09-17T15:27:20 IST" skipped="0">
  <testcase classname="testpackage.test4" name="carkia" time="0.002"/>
</testsuite> <!-- testpackage.test4 -->
