<?xml version="1.0" encoding="UTF-8"?>
<!-- Generated by org.testng.reporters.JUnitReportReporter -->
<testsuite hostname="DESKTOP-35NB1NJ" failures="0" tests="4" name="testpackage.test3" time="0.005" errors="0" timestamp="2023-09-17T15:27:20 IST" skipped="0">
  <testcase classname="testpackage.test3" name="Mobilelogin" time="0.001"/>
  <testcase classname="testpackage.test3" name="carloan" time="0.001"/>
  <testcase classname="testpackage.test3" name="Mobilelogin" time="0.002"/>
  <testcase classname="testpackage.test3" name="carkia" time="0.001"/>
</testsuite> <!-- testpackage.test3 -->
